  game.cpp
C:\Users\Admin\Desktop\Year1_Sem2_University\GameImplement\SFML_pc 1\SFML_pc\SFML_project\game.cpp(114,104): warning C4244: 'argument': conversion from 'T' to 'float', possible loss of data
          with
          [
              T=unsigned int
          ]
C:\Users\Admin\Desktop\Year1_Sem2_University\GameImplement\SFML_pc 1\SFML_pc\SFML_project\game.cpp(114,68): warning C4244: 'argument': conversion from 'T' to 'float', possible loss of data
          with
          [
              T=unsigned int
          ]
C:\Users\Admin\Desktop\Year1_Sem2_University\GameImplement\SFML_pc 1\SFML_pc\SFML_project\game.cpp(120,104): warning C4244: 'argument': conversion from 'T' to 'float', possible loss of data
          with
          [
              T=unsigned int
          ]
C:\Users\Admin\Desktop\Year1_Sem2_University\GameImplement\SFML_pc 1\SFML_pc\SFML_project\game.cpp(120,68): warning C4244: 'argument': conversion from 'T' to 'float', possible loss of data
          with
          [
              T=unsigned int
          ]
C:\Users\Admin\Desktop\Year1_Sem2_University\GameImplement\SFML_pc 1\SFML_pc\SFML_project\game.cpp(194,57): warning C4244: 'argument': conversion from 'T' to 'float', possible loss of data
          with
          [
              T=unsigned int
          ]
C:\Users\Admin\Desktop\Year1_Sem2_University\GameImplement\SFML_pc 1\SFML_pc\SFML_project\game.cpp(194,35): warning C4244: 'argument': conversion from 'T' to 'float', possible loss of data
          with
          [
              T=unsigned int
          ]
C:\Users\Admin\Desktop\Year1_Sem2_University\GameImplement\SFML_pc 1\SFML_pc\SFML_project\game.cpp(195,64): warning C4244: 'argument': conversion from 'T' to 'T', possible loss of data
          with
          [
              T=unsigned int
          ]
          and
          [
              T=float
          ]
C:\Users\Admin\Desktop\Year1_Sem2_University\GameImplement\SFML_pc 1\SFML_pc\SFML_project\game.cpp(195,44): warning C4244: 'argument': conversion from 'T' to 'T', possible loss of data
          with
          [
              T=unsigned int
          ]
          and
          [
              T=float
          ]
C:\Users\Admin\Desktop\Year1_Sem2_University\GameImplement\SFML_pc 1\SFML_pc\SFML_project\game.cpp(233,42): warning C4244: '+=': conversion from 'double' to 'float', possible loss of data
C:\Users\Admin\Desktop\Year1_Sem2_University\GameImplement\SFML_pc 1\SFML_pc\SFML_project\game.cpp(236,42): warning C4244: '-=': conversion from 'double' to 'float', possible loss of data
C:\Users\Admin\Desktop\Year1_Sem2_University\GameImplement\SFML_pc 1\SFML_pc\SFML_project\game.cpp(327,41): warning C4244: '=': conversion from 'T' to 'T', possible loss of data
          with
          [
              T=unsigned int
          ]
          and
          [
              T=float
          ]
C:\Users\Admin\Desktop\Year1_Sem2_University\GameImplement\SFML_pc 1\SFML_pc\SFML_project\game.cpp(333,41): warning C4244: '=': conversion from 'T' to 'T', possible loss of data
          with
          [
              T=unsigned int
          ]
          and
          [
              T=float
          ]
  SFML_project.vcxproj -> C:\Users\Admin\Desktop\Year1_Sem2_University\GameImplement\SFML_pc 1\SFML_pc\Debug\SFML_project.exe
